<?xml version='1.0'?>
<ns2:test-suite xmlns:ns2='urn:model.allure.qatools.yandex.ru' start='1674038086957' stop='1674038100098'>
    <name>Add a favourite vehicle and verify count</name>
    <title>Add a favourite vehicle and verify count</title>
    <test-cases>
        <test-case start='1674038086957' status='broken' stop='1674038095095'>
            <name>should add a new favourite vehicle &amp; verify count</name>
            <title>should add a new favourite vehicle &amp; verify count</title>
            <labels>
                <label name='language' value='javascript'/>
                <label name='framework' value='wdio'/>
                <label name='thread' value='0-0'/>
            </labels>
            <parameters>
                <parameter kind='argument' name='browser' value='chrome-109.0.5414.87'/>
            </parameters>
            <steps/>
            <attachments/>
            <failure>
                <message>LoginData is not defined</message>
                <stack-trace>ReferenceError: LoginData is not defined
                    at Context.&lt;anonymous> (/Users/macbook/Automation/urent-web/test/specs/AddFavourite.js:13:27)
                    at processTicksAndRejections (node:internal/process/task_queues:96:5)</stack-trace>
            </failure>
        </test-case>
        <test-case start='1674038095095' status='broken' stop='1674038100098'>
            <name>should logout and verify logout alert message</name>
            <title>should logout and verify logout alert message</title>
            <labels>
                <label name='language' value='javascript'/>
                <label name='framework' value='wdio'/>
                <label name='thread' value='0-0'/>
            </labels>
            <parameters>
                <parameter kind='argument' name='browser' value='chrome-109.0.5414.87'/>
            </parameters>
            <steps/>
            <attachments/>
            <failure>
                <message>element click intercepted: Element &lt;button aria-haspopup="true" aria-expanded="false" type="button" id="menu_popup" class="szh-menu-button">...&lt;/button> is not clickable at point (1417, 53). Other element would receive the click: &lt;div class="ui page modals dimmer transition visible active" style="display: flex !important;">...&lt;/div>
                  (Session info: chrome=109.0.5414.87)</message>
                <stack-trace>element click intercepted: element click intercepted: Element &lt;button aria-haspopup="true" aria-expanded="false" type="button" id="menu_popup" class="szh-menu-button">...&lt;/button> is not clickable at point (1417, 53). Other element would receive the click: &lt;div class="ui page modals dimmer transition visible active" style="display: flex !important;">...&lt;/div>
                  (Session info: chrome=109.0.5414.87)
                    at processTicksAndRejections (node:internal/process/task_queues:96:5)</stack-trace>
            </failure>
        </test-case>
    </test-cases>
</ns2:test-suite>